<component name="libraryTable">
  <library name="junitperf-1.8">
    <CLASSES>
      <root url="jar://$PROJECT_DIR$/day030_xml/lib/test/junitperf-1.8.jar!/" />
    </CLASSES>
    <JAVADOC />
    <SOURCES />
  </library>
</component>